

Started GET "/" for 127.0.0.1 at 2014-02-07 12:48:29 +0530
Processing by Rails::WelcomeController#index as HTML
  Rendered /home/alvimurtaza/.rbenv/versions/2.0.0-p353/lib/ruby/gems/2.0.0/gems/railties-4.0.2/lib/rails/templates/rails/welcome/index.html.erb (1.5ms)
Completed 200 OK in 28ms (Views: 6.9ms | ActiveRecord: 0.0ms)


Started GET "/" for 127.0.0.1 at 2014-02-07 14:50:43 +0530
Processing by Rails::WelcomeController#index as HTML
  Rendered /home/alvimurtaza/.rbenv/versions/2.0.0-p353/lib/ruby/gems/2.0.0/gems/railties-4.0.2/lib/rails/templates/rails/welcome/index.html.erb (1.8ms)
Completed 200 OK in 37ms (Views: 11.6ms | ActiveRecord: 0.0ms)


Started GET "/posts" for 127.0.0.1 at 2014-02-07 15:12:37 +0530

ActionController::RoutingError (uninitialized constant PostsController):
  activesupport (4.0.2) lib/active_support/inflector/methods.rb:226:in `const_get'
  activesupport (4.0.2) lib/active_support/inflector/methods.rb:226:in `block in constantize'
  activesupport (4.0.2) lib/active_support/inflector/methods.rb:224:in `each'
  activesupport (4.0.2) lib/active_support/inflector/methods.rb:224:in `inject'
  activesupport (4.0.2) lib/active_support/inflector/methods.rb:224:in `constantize'
  actionpack (4.0.2) lib/action_dispatch/routing/route_set.rb:76:in `controller_reference'
  actionpack (4.0.2) lib/action_dispatch/routing/route_set.rb:66:in `controller'
  actionpack (4.0.2) lib/action_dispatch/routing/route_set.rb:44:in `call'
  actionpack (4.0.2) lib/action_dispatch/journey/router.rb:71:in `block in call'
  actionpack (4.0.2) lib/action_dispatch/journey/router.rb:59:in `each'
  actionpack (4.0.2) lib/action_dispatch/journey/router.rb:59:in `call'
  actionpack (4.0.2) lib/action_dispatch/routing/route_set.rb:680:in `call'
  rack (1.5.2) lib/rack/etag.rb:23:in `call'
  rack (1.5.2) lib/rack/conditionalget.rb:25:in `call'
  rack (1.5.2) lib/rack/head.rb:11:in `call'
  actionpack (4.0.2) lib/action_dispatch/middleware/params_parser.rb:27:in `call'
  actionpack (4.0.2) lib/action_dispatch/middleware/flash.rb:241:in `call'
  rack (1.5.2) lib/rack/session/abstract/id.rb:225:in `context'
  rack (1.5.2) lib/rack/session/abstract/id.rb:220:in `call'
  actionpack (4.0.2) lib/action_dispatch/middleware/cookies.rb:486:in `call'
  activerecord (4.0.2) lib/active_record/query_cache.rb:36:in `call'
  activerecord (4.0.2) lib/active_record/connection_adapters/abstract/connection_pool.rb:626:in `call'
  activerecord (4.0.2) lib/active_record/migration.rb:369:in `call'
  actionpack (4.0.2) lib/action_dispatch/middleware/callbacks.rb:29:in `block in call'
  activesupport (4.0.2) lib/active_support/callbacks.rb:373:in `_run__311407288__call__callbacks'
  activesupport (4.0.2) lib/active_support/callbacks.rb:80:in `run_callbacks'
  actionpack (4.0.2) lib/action_dispatch/middleware/callbacks.rb:27:in `call'
  actionpack (4.0.2) lib/action_dispatch/middleware/reloader.rb:64:in `call'
  actionpack (4.0.2) lib/action_dispatch/middleware/remote_ip.rb:76:in `call'
  actionpack (4.0.2) lib/action_dispatch/middleware/debug_exceptions.rb:17:in `call'
  actionpack (4.0.2) lib/action_dispatch/middleware/show_exceptions.rb:30:in `call'
  railties (4.0.2) lib/rails/rack/logger.rb:38:in `call_app'
  railties (4.0.2) lib/rails/rack/logger.rb:20:in `block in call'
  activesupport (4.0.2) lib/active_support/tagged_logging.rb:67:in `block in tagged'
  activesupport (4.0.2) lib/active_support/tagged_logging.rb:25:in `tagged'
  activesupport (4.0.2) lib/active_support/tagged_logging.rb:67:in `tagged'
  railties (4.0.2) lib/rails/rack/logger.rb:20:in `call'
  actionpack (4.0.2) lib/action_dispatch/middleware/request_id.rb:21:in `call'
  rack (1.5.2) lib/rack/methodoverride.rb:21:in `call'
  rack (1.5.2) lib/rack/runtime.rb:17:in `call'
  activesupport (4.0.2) lib/active_support/cache/strategy/local_cache.rb:83:in `call'
  rack (1.5.2) lib/rack/lock.rb:17:in `call'
  actionpack (4.0.2) lib/action_dispatch/middleware/static.rb:64:in `call'
  rack (1.5.2) lib/rack/sendfile.rb:112:in `call'
  railties (4.0.2) lib/rails/engine.rb:511:in `call'
  railties (4.0.2) lib/rails/application.rb:97:in `call'
  rack (1.5.2) lib/rack/lock.rb:17:in `call'
  rack (1.5.2) lib/rack/content_length.rb:14:in `call'
  rack (1.5.2) lib/rack/handler/webrick.rb:60:in `service'
  /home/alvimurtaza/.rbenv/versions/2.0.0-p353/lib/ruby/2.0.0/webrick/httpserver.rb:138:in `service'
  /home/alvimurtaza/.rbenv/versions/2.0.0-p353/lib/ruby/2.0.0/webrick/httpserver.rb:94:in `run'
  /home/alvimurtaza/.rbenv/versions/2.0.0-p353/lib/ruby/2.0.0/webrick/server.rb:295:in `block in start_thread'


  Rendered /home/alvimurtaza/.rbenv/versions/2.0.0-p353/lib/ruby/gems/2.0.0/gems/actionpack-4.0.2/lib/action_dispatch/middleware/templates/rescues/_trace.erb (1.3ms)
  Rendered /home/alvimurtaza/.rbenv/versions/2.0.0-p353/lib/ruby/gems/2.0.0/gems/actionpack-4.0.2/lib/action_dispatch/middleware/templates/routes/_route.html.erb (1.6ms)
  Rendered /home/alvimurtaza/.rbenv/versions/2.0.0-p353/lib/ruby/gems/2.0.0/gems/actionpack-4.0.2/lib/action_dispatch/middleware/templates/routes/_table.html.erb (4.1ms)
  Rendered /home/alvimurtaza/.rbenv/versions/2.0.0-p353/lib/ruby/gems/2.0.0/gems/actionpack-4.0.2/lib/action_dispatch/middleware/templates/rescues/routing_error.erb within rescues/layout (111.8ms)


Started GET "/posts" for 127.0.0.1 at 2014-02-07 16:00:50 +0530
Processing by PostsController#index as HTML
  Rendered posts/index.html.erb within layouts/application (0.4ms)
Completed 200 OK in 964ms (Views: 963.2ms | ActiveRecord: 0.0ms)


Started GET "/assets/posts.css?body=1" for 127.0.0.1 at 2014-02-07 16:00:52 +0530


Started GET "/assets/application.css?body=1" for 127.0.0.1 at 2014-02-07 16:00:52 +0530


Started GET "/assets/jquery.js?body=1" for 127.0.0.1 at 2014-02-07 16:00:52 +0530


Started GET "/assets/jquery_ujs.js?body=1" for 127.0.0.1 at 2014-02-07 16:00:52 +0530


Started GET "/assets/turbolinks.js?body=1" for 127.0.0.1 at 2014-02-07 16:00:52 +0530


Started GET "/assets/application.js?body=1" for 127.0.0.1 at 2014-02-07 16:00:52 +0530


Started GET "/assets/posts.js?body=1" for 127.0.0.1 at 2014-02-07 16:00:52 +0530


Started GET "/" for 127.0.0.1 at 2014-02-07 16:06:48 +0530
Processing by Rails::WelcomeController#index as HTML
  Rendered /home/alvimurtaza/.rbenv/versions/2.0.0-p353/lib/ruby/gems/2.0.0/gems/railties-4.0.2/lib/rails/templates/rails/welcome/index.html.erb (0.2ms)
Completed 200 OK in 121ms (Views: 120.1ms | ActiveRecord: 0.0ms)


Started GET "/" for 127.0.0.1 at 2014-02-07 16:13:07 +0530

SyntaxError (/home/alvimurtaza/GitRepos/project/videoproj/config/routes.rb:2: syntax error, unexpected ':', expecting keyword_end
    root : to => 'Posts#index'
          ^):
  activesupport (4.0.2) lib/active_support/dependencies.rb:223:in `load'
  activesupport (4.0.2) lib/active_support/dependencies.rb:223:in `block in load'
  activesupport (4.0.2) lib/active_support/dependencies.rb:214:in `load_dependency'
  activesupport (4.0.2) lib/active_support/dependencies.rb:223:in `load'
  railties (4.0.2) lib/rails/application/routes_reloader.rb:40:in `block in load_paths'
  railties (4.0.2) lib/rails/application/routes_reloader.rb:40:in `each'
  railties (4.0.2) lib/rails/application/routes_reloader.rb:40:in `load_paths'
  railties (4.0.2) lib/rails/application/routes_reloader.rb:16:in `reload!'
  railties (4.0.2) lib/rails/application/routes_reloader.rb:26:in `block in updater'
  activesupport (4.0.2) lib/active_support/file_update_checker.rb:75:in `call'
  activesupport (4.0.2) lib/active_support/file_update_checker.rb:75:in `execute'
  railties (4.0.2) lib/rails/application/routes_reloader.rb:7:in `execute'
  railties (4.0.2) lib/rails/application/finisher.rb:81:in `block (2 levels) in <module:Finisher>'
  activesupport (4.0.2) lib/active_support/callbacks.rb:397:in `_run__95523929__prepare__callbacks'
  activesupport (4.0.2) lib/active_support/callbacks.rb:80:in `run_callbacks'
  actionpack (4.0.2) lib/action_dispatch/middleware/reloader.rb:74:in `prepare!'
  actionpack (4.0.2) lib/action_dispatch/middleware/reloader.rb:62:in `call'
  actionpack (4.0.2) lib/action_dispatch/middleware/remote_ip.rb:76:in `call'
  actionpack (4.0.2) lib/action_dispatch/middleware/debug_exceptions.rb:17:in `call'
  actionpack (4.0.2) lib/action_dispatch/middleware/show_exceptions.rb:30:in `call'
  railties (4.0.2) lib/rails/rack/logger.rb:38:in `call_app'
  railties (4.0.2) lib/rails/rack/logger.rb:20:in `block in call'
  activesupport (4.0.2) lib/active_support/tagged_logging.rb:67:in `block in tagged'
  activesupport (4.0.2) lib/active_support/tagged_logging.rb:25:in `tagged'
  activesupport (4.0.2) lib/active_support/tagged_logging.rb:67:in `tagged'
  railties (4.0.2) lib/rails/rack/logger.rb:20:in `call'
  actionpack (4.0.2) lib/action_dispatch/middleware/request_id.rb:21:in `call'
  rack (1.5.2) lib/rack/methodoverride.rb:21:in `call'
  rack (1.5.2) lib/rack/runtime.rb:17:in `call'
  activesupport (4.0.2) lib/active_support/cache/strategy/local_cache.rb:83:in `call'
  rack (1.5.2) lib/rack/lock.rb:17:in `call'
  actionpack (4.0.2) lib/action_dispatch/middleware/static.rb:64:in `call'
  rack (1.5.2) lib/rack/sendfile.rb:112:in `call'
  railties (4.0.2) lib/rails/engine.rb:511:in `call'
  railties (4.0.2) lib/rails/application.rb:97:in `call'
  rack (1.5.2) lib/rack/lock.rb:17:in `call'
  rack (1.5.2) lib/rack/content_length.rb:14:in `call'
  rack (1.5.2) lib/rack/handler/webrick.rb:60:in `service'
  /home/alvimurtaza/.rbenv/versions/2.0.0-p353/lib/ruby/2.0.0/webrick/httpserver.rb:138:in `service'
  /home/alvimurtaza/.rbenv/versions/2.0.0-p353/lib/ruby/2.0.0/webrick/httpserver.rb:94:in `run'
  /home/alvimurtaza/.rbenv/versions/2.0.0-p353/lib/ruby/2.0.0/webrick/server.rb:295:in `block in start_thread'


  Rendered /home/alvimurtaza/.rbenv/versions/2.0.0-p353/lib/ruby/gems/2.0.0/gems/actionpack-4.0.2/lib/action_dispatch/middleware/templates/rescues/_source.erb (0.6ms)
  Rendered /home/alvimurtaza/.rbenv/versions/2.0.0-p353/lib/ruby/gems/2.0.0/gems/actionpack-4.0.2/lib/action_dispatch/middleware/templates/rescues/_trace.erb (1.7ms)
  Rendered /home/alvimurtaza/.rbenv/versions/2.0.0-p353/lib/ruby/gems/2.0.0/gems/actionpack-4.0.2/lib/action_dispatch/middleware/templates/rescues/_request_and_response.erb (2.2ms)
  Rendered /home/alvimurtaza/.rbenv/versions/2.0.0-p353/lib/ruby/gems/2.0.0/gems/actionpack-4.0.2/lib/action_dispatch/middleware/templates/rescues/diagnostics.erb within rescues/layout (29.8ms)


Started GET "/" for 127.0.0.1 at 2014-02-07 16:15:37 +0530
Processing by PostsController#index as HTML
  Rendered posts/index.html.erb within layouts/application (0.1ms)
Completed 200 OK in 5ms (Views: 4.3ms | ActiveRecord: 0.0ms)


Started GET "/assets/application.css?body=1" for 127.0.0.1 at 2014-02-07 16:15:37 +0530


Started GET "/assets/posts.css?body=1" for 127.0.0.1 at 2014-02-07 16:15:37 +0530


Started GET "/assets/application.js?body=1" for 127.0.0.1 at 2014-02-07 16:15:37 +0530


Started GET "/assets/jquery_ujs.js?body=1" for 127.0.0.1 at 2014-02-07 16:15:37 +0530


Started GET "/assets/jquery.js?body=1" for 127.0.0.1 at 2014-02-07 16:15:37 +0530


Started GET "/assets/turbolinks.js?body=1" for 127.0.0.1 at 2014-02-07 16:15:37 +0530


Started GET "/assets/posts.js?body=1" for 127.0.0.1 at 2014-02-07 16:15:37 +0530


Started GET "/" for 127.0.0.1 at 2014-02-07 16:17:14 +0530
Processing by PostsController#index as HTML
  Rendered posts/index.html.erb within layouts/application (0.4ms)
Completed 200 OK in 5ms (Views: 4.4ms | ActiveRecord: 0.0ms)


Started GET "/assets/application.css?body=1" for 127.0.0.1 at 2014-02-07 16:17:14 +0530


Started GET "/assets/posts.css?body=1" for 127.0.0.1 at 2014-02-07 16:17:14 +0530


Started GET "/assets/jquery.js?body=1" for 127.0.0.1 at 2014-02-07 16:17:14 +0530


Started GET "/assets/jquery_ujs.js?body=1" for 127.0.0.1 at 2014-02-07 16:17:14 +0530


Started GET "/assets/turbolinks.js?body=1" for 127.0.0.1 at 2014-02-07 16:17:14 +0530


Started GET "/assets/posts.js?body=1" for 127.0.0.1 at 2014-02-07 16:17:14 +0530


Started GET "/assets/application.js?body=1" for 127.0.0.1 at 2014-02-07 16:17:14 +0530
